2026-03-10 04:43:28+05:30 [info] → Available ATS Agents {"0":"Java_Playwright","1":"Java_Selenium","2":"TypeScript_Cypress","3":"Java_Appium","4":"Java_Selenium_Cucumber","5":"XCUITest","6":"C#_Playwright"}
2026-03-10 04:43:28+05:30 [info] → Server started
2026-03-10 04:43:28+05:30 [error] → DB connection failed {"retryInSec":5}
2026-03-10 04:43:28+05:30 [info] → Starting Cognitest Server...
2026-03-10 04:43:29+05:30 [info] → Running startup cleanup for orphaned jobs...
2026-03-10 04:43:29+05:30 [info] → Cleanup: Marked 0 stale 'In Progress' jobs as 'System Failed'.
2026-03-10 04:43:29+05:30 [info] → Starting job reaper with 30min TTL, running every 5min
2026-03-10 04:43:29+05:30 [info] → Running stuck job reaper...
2026-03-10 04:43:29+05:30 [info] → Running schema migrations...
2026-03-10 04:43:35+05:30 [info] → Schema migrations completed
2026-03-10 04:43:35+05:30 [info] → Running data migrations...
2026-03-10 04:43:35+05:30 [info] → Stuck job reaper completed
2026-03-10 04:43:35+05:30 [info] → Data migrations completed
2026-03-10 04:43:35+05:30 [info] → Cognitest Server running on port 3000
2026-03-10 04:43:37+05:30 [info] → Before entering the isProduction block
2026-03-10 04:48:29+05:30 [info] → Running stuck job reaper...
2026-03-10 04:48:29+05:30 [info] → Stuck job reaper completed
2026-03-10 04:53:29+05:30 [info] → Running stuck job reaper...
2026-03-10 04:53:29+05:30 [info] → Stuck job reaper completed
2026-03-10 04:58:29+05:30 [info] → Running stuck job reaper...
2026-03-10 04:58:29+05:30 [info] → Stuck job reaper completed
2026-03-10 05:03:29+05:30 [info] → Running stuck job reaper...
2026-03-10 05:03:29+05:30 [info] → Stuck job reaper completed
2026-03-10 05:08:29+05:30 [info] → Running stuck job reaper...
2026-03-10 05:08:29+05:30 [info] → Stuck job reaper completed
2026-03-10 05:13:29+05:30 [info] → Running stuck job reaper...
2026-03-10 05:13:29+05:30 [info] → Stuck job reaper completed
2026-03-10 05:18:29+05:30 [info] → Running stuck job reaper...
2026-03-10 05:18:29+05:30 [info] → Stuck job reaper completed
2026-03-10 05:23:29+05:30 [info] → Running stuck job reaper...
2026-03-10 05:23:29+05:30 [info] → Stuck job reaper completed
2026-03-10 05:28:29+05:30 [info] → Running stuck job reaper...
2026-03-10 05:28:29+05:30 [info] → Stuck job reaper completed
